<?xml version="1.0" encoding="UTF-8"?>
<!-- Generated by org.testng.reporters.JUnitReportReporter -->
<testsuite skipped="0" hostname="Girishs-MacBook-Pro.local" name="com.demo.Test01_Get" tests="1" failures="0" timestamp="2021-08-30T16:26:54 IST" time="1.472" errors="0">
  <testcase name="getEmployee" time="1.472" classname="com.demo.Test01_Get"/>
  <system-out/>
</testsuite> <!-- com.demo.Test01_Get -->
