<?xml version="1.0" encoding="UTF-8"?>
<!-- Generated by org.testng.reporters.JUnitReportReporter -->
<testsuite skipped="0" hostname="Girishs-MacBook-Pro.local" name="com.demo.Test04_Delete" tests="1" failures="0" timestamp="2021-08-30T16:53:40 IST" time="2.093" errors="0">
  <testcase name="test" time="2.093" classname="com.demo.Test04_Delete"/>
  <system-out/>
</testsuite> <!-- com.demo.Test04_Delete -->
