<?xml version="1.0" encoding="UTF-8"?>
<!-- Generated by org.testng.reporters.JUnitReportReporter -->
<testsuite skipped="0" hostname="Girishs-MacBook-Pro.local" name="com.demo.Test03_PUT" tests="1" failures="0" timestamp="2021-08-30T16:53:04 IST" time="2.140" errors="0">
  <testcase name="updateEmployee" time="2.140" classname="com.demo.Test03_PUT"/>
  <system-out/>
</testsuite> <!-- com.demo.Test03_PUT -->
